<?xml version="1.0" encoding="UTF-8"?>
<!-- Generated by org.testng.reporters.JUnitXMLReporter -->
<testsuite hostname="Guest298" ignored="0" name="Parallel" tests="6" failures="0" timestamp="14 Mar 2019 09:55:58 GMT" time="257.963" errors="0">
  <testcase name="IE" time="0.075" classname="driverscript.DriverClass"/>
  <testcase name="Android" time="0.075" classname="driverscript.DriverClass"/>
  <testcase name="Firefox" time="0.076" classname="driverscript.DriverClass"/>
  <testcase name="iOS" time="0.006" classname="driverscript.DriverClass"/>
  <testcase name="Safari" time="0.009" classname="driverscript.DriverClass"/>
  <testcase name="Chrome" time="257.822" classname="driverscript.DriverClass"/>
</testsuite> <!-- Parallel -->
