<?xml version="1.0" encoding="UTF-8"?>
<!-- Generated by org.testng.reporters.JUnitXMLReporter -->
<testsuite hostname="Guest298" ignored="0" name="Parallel" tests="6" failures="0" timestamp="22 Apr 2019 11:02:46 GMT" time="41.253" errors="0">
  <testcase name="IE" time="0.073" classname="driverscript.DriverClass"/>
  <testcase name="Firefox" time="0.07" classname="driverscript.DriverClass"/>
  <testcase name="Android" time="0.072" classname="driverscript.DriverClass"/>
  <testcase name="iOS" time="0.004" classname="driverscript.DriverClass"/>
  <testcase name="Safari" time="0.017" classname="driverscript.DriverClass"/>
  <testcase name="Chrome" time="41.129" classname="driverscript.DriverClass"/>
</testsuite> <!-- Parallel -->
