<?xml version="1.0" encoding="UTF-8"?>
<!-- Generated by org.testng.reporters.JUnitXMLReporter -->
<testsuite hostname="Guest298" ignored="0" name="Test" tests="6" failures="0" timestamp="15 Mar 2019 14:52:19 GMT" time="231.053" errors="0">
  <testcase name="Android" time="0.04" classname="driverscript.DriverClass"/>
  <testcase name="Chrome" time="230.866" classname="driverscript.DriverClass"/>
  <testcase name="Firefox" time="0.016" classname="driverscript.DriverClass"/>
  <testcase name="IE" time="0.0" classname="driverscript.DriverClass"/>
  <testcase name="Safari" time="0.0" classname="driverscript.DriverClass"/>
  <testcase name="iOS" time="0.0" classname="driverscript.DriverClass"/>
</testsuite> <!-- Test -->
